<?xml version="1.0" encoding="UTF-8"?>
<!-- Generated by org.testng.reporters.JUnitXMLReporter -->
<testsuite hostname="AUSMEL106839L" ignored="0" name="Test" tests="2" failures="2" timestamp="12 Jul 2018 06:48:49 GMT" time="0.047" errors="0">
  <testcase name="login" time="0.016" classname="business.NewTest">
    <failure type="java.lang.NullPointerException">
      <![CDATA[java.lang.NullPointerException
at business.NewTest.login(NewTest.java:41)
... Removed 25 stack frames]]>
    </failure>
  </testcase> <!-- login -->
  <testcase name="login" time="0.0" classname="business.NewTest">
    <failure type="java.lang.NullPointerException">
      <![CDATA[java.lang.NullPointerException
at business.NewTest.login(NewTest.java:41)
... Removed 25 stack frames]]>
    </failure>
  </testcase> <!-- login -->
</testsuite> <!-- Test -->
